  [1m[36m (24.4ms)[0m  [1mCREATE TABLE `schema_migrations` (`version` varchar(255) NOT NULL) ENGINE=InnoDB[0m
  [1m[35m (5.3ms)[0m  CREATE UNIQUE INDEX `unique_schema_migrations` ON `schema_migrations` (`version`) 
  [1m[36mActiveRecord::SchemaMigration Load (0.2ms)[0m  [1mSELECT `schema_migrations`.* FROM `schema_migrations`[0m
Migrating to CreateUsers (20130509091418)
  [1m[35m (3.1ms)[0m  CREATE TABLE `users` (`id` int(11) DEFAULT NULL auto_increment PRIMARY KEY, `name` varchar(255), `created_at` datetime, `updated_at` datetime) ENGINE=InnoDB
  [1m[36m (0.2ms)[0m  [1mBEGIN[0m
  [1m[35mSQL (1.5ms)[0m  INSERT INTO `schema_migrations` (`version`) VALUES ('20130509091418')
  [1m[36m (0.5ms)[0m  [1mCOMMIT[0m
Migrating to AddDeviseToUsers (20130509091959)
  [1m[35m (4.3ms)[0m  ALTER TABLE `users` ADD `email` varchar(255) DEFAULT '' NOT NULL
  [1m[36m (4.4ms)[0m  [1mALTER TABLE `users` ADD `encrypted_password` varchar(255) DEFAULT '' NOT NULL[0m
  [1m[35m (3.5ms)[0m  ALTER TABLE `users` ADD `reset_password_token` varchar(255)
  [1m[36m (4.7ms)[0m  [1mALTER TABLE `users` ADD `reset_password_sent_at` datetime[0m
  [1m[35m (3.8ms)[0m  ALTER TABLE `users` ADD `remember_created_at` datetime
  [1m[36m (3.3ms)[0m  [1mALTER TABLE `users` ADD `sign_in_count` int(11) DEFAULT 0[0m
  [1m[35m (4.2ms)[0m  ALTER TABLE `users` ADD `current_sign_in_at` datetime
  [1m[36m (3.6ms)[0m  [1mALTER TABLE `users` ADD `last_sign_in_at` datetime[0m
  [1m[35m (3.9ms)[0m  ALTER TABLE `users` ADD `current_sign_in_ip` varchar(255)
  [1m[36m (4.3ms)[0m  [1mALTER TABLE `users` ADD `last_sign_in_ip` varchar(255)[0m
  [1m[35m (5.5ms)[0m  CREATE UNIQUE INDEX `index_users_on_email` ON `users` (`email`) 
  [1m[36m (5.9ms)[0m  [1mCREATE UNIQUE INDEX `index_users_on_reset_password_token` ON `users` (`reset_password_token`) [0m
  [1m[35m (0.1ms)[0m  BEGIN
  [1m[36mSQL (0.1ms)[0m  [1mINSERT INTO `schema_migrations` (`version`) VALUES ('20130509091959')[0m
  [1m[35m (0.2ms)[0m  COMMIT
  [1m[36mActiveRecord::SchemaMigration Load (0.2ms)[0m  [1mSELECT `schema_migrations`.* FROM `schema_migrations`[0m


Started GET "/" for 127.0.0.1 at 2013-05-09 12:44:03 +0300
Processing by HomeController#index as HTML
  Rendered home/index.html.haml within layouts/application (9.4ms)
Completed 500 Internal Server Error in 19ms

ActionView::Template::Error (undefined method `each' for nil:NilClass):
     6:       %th
     7:       %th
     8:   %tbody
     9:     - @homes.each do |home|
    10:       %tr
    11:         %td= link_to 'Show', home
    12:         %td= link_to 'Edit', edit_home_path(home)
  app/views/home/index.html.haml:9:in `_app_views_home_index_html_haml___4315451278492916073_70248865684380'


  Rendered /Users/macbook/.rvm/gems/ruby-1.9.3-p392/gems/actionpack-4.0.0.rc1/lib/action_dispatch/middleware/templates/rescues/_trace.erb (1.1ms)
  Rendered /Users/macbook/.rvm/gems/ruby-1.9.3-p392/gems/actionpack-4.0.0.rc1/lib/action_dispatch/middleware/templates/rescues/_request_and_response.erb (27.3ms)
  Rendered /Users/macbook/.rvm/gems/ruby-1.9.3-p392/gems/actionpack-4.0.0.rc1/lib/action_dispatch/middleware/templates/rescues/template_error.erb within rescues/layout (40.9ms)


Started GET "/" for 127.0.0.1 at 2013-05-09 12:44:17 +0300
Processing by HomeController#index as HTML
  Rendered home/index.html.haml within layouts/application (0.9ms)
Completed 200 OK in 331ms (Views: 330.7ms | ActiveRecord: 0.0ms)


Started GET "/assets/application.css?body=1" for 127.0.0.1 at 2013-05-09 12:44:18 +0300


Started GET "/assets/scaffolds.css?body=1" for 127.0.0.1 at 2013-05-09 12:44:18 +0300


Started GET "/assets/users.css?body=1" for 127.0.0.1 at 2013-05-09 12:44:18 +0300


Started GET "/assets/jquery.js?body=1" for 127.0.0.1 at 2013-05-09 12:44:18 +0300


Started GET "/assets/jquery_ujs.js?body=1" for 127.0.0.1 at 2013-05-09 12:44:18 +0300


Started GET "/assets/turbolinks.js?body=1" for 127.0.0.1 at 2013-05-09 12:44:18 +0300


Started GET "/assets/users.js?body=1" for 127.0.0.1 at 2013-05-09 12:44:18 +0300


Started GET "/assets/application.js?body=1" for 127.0.0.1 at 2013-05-09 12:44:18 +0300
  [1m[36mActiveRecord::SchemaMigration Load (0.4ms)[0m  [1mSELECT `schema_migrations`.* FROM `schema_migrations`[0m
Migrating to CreateElectives (20130509100721)
  [1m[35m (22.7ms)[0m  CREATE TABLE `electives` (`id` int(11) DEFAULT NULL auto_increment PRIMARY KEY, `name` varchar(255), `created_at` datetime, `updated_at` datetime) ENGINE=InnoDB
  [1m[36m (0.1ms)[0m  [1mBEGIN[0m
  [1m[35mSQL (1.8ms)[0m  INSERT INTO `schema_migrations` (`version`) VALUES ('20130509100721')
  [1m[36m (0.5ms)[0m  [1mCOMMIT[0m
Migrating to CreateElectiveDays (20130509100837)
  [1m[35m (3.2ms)[0m  CREATE TABLE `elective_days` (`id` int(11) DEFAULT NULL auto_increment PRIMARY KEY, `num` int(11), `created_at` datetime, `updated_at` datetime) ENGINE=InnoDB
  [1m[36m (0.1ms)[0m  [1mBEGIN[0m
  [1m[35mSQL (0.2ms)[0m  INSERT INTO `schema_migrations` (`version`) VALUES ('20130509100837')
  [1m[36m (0.3ms)[0m  [1mCOMMIT[0m
Migrating to CreateSpecialties (20130509101941)
  [1m[36mActiveRecord::SchemaMigration Load (0.3ms)[0m  [1mSELECT `schema_migrations`.* FROM `schema_migrations`[0m
Migrating to CreateSpecialties (20130509101941)
  [1m[35m (3.8ms)[0m  CREATE TABLE `specialties` (`id` int(11) DEFAULT NULL auto_increment PRIMARY KEY, `num` int(11), `name` varchar(255), `created_at` datetime, `updated_at` datetime) ENGINE=InnoDB
  [1m[36m (0.1ms)[0m  [1mBEGIN[0m
  [1m[35mSQL (1.5ms)[0m  INSERT INTO `schema_migrations` (`version`) VALUES ('20130509101941')
  [1m[36m (0.5ms)[0m  [1mCOMMIT[0m
Migrating to CreateFirms (20130509102036)
  [1m[35m (2.8ms)[0m  CREATE TABLE `firms` (`id` int(11) DEFAULT NULL auto_increment PRIMARY KEY, `name` varchar(255), `created_at` datetime, `updated_at` datetime) ENGINE=InnoDB
  [1m[36m (0.1ms)[0m  [1mBEGIN[0m
  [1m[35mSQL (0.2ms)[0m  INSERT INTO `schema_migrations` (`version`) VALUES ('20130509102036')
  [1m[36m (0.3ms)[0m  [1mCOMMIT[0m
  [1m[35mActiveRecord::SchemaMigration Load (0.2ms)[0m  SELECT `schema_migrations`.* FROM `schema_migrations`


Started GET "/" for 127.0.0.1 at 2013-05-09 13:38:55 +0300
Processing by HomeController#index as HTML
  Rendered home/index.html.haml within layouts/application (2.9ms)
WARNING: box-shadow is deprecated and will be removed in the next major version release
         on line 7 of /Users/macbook/.rvm/gems/ruby-1.9.3-p392/gems/bourbon-3.1.5/app/assets/stylesheets/_bourbon-deprecated-upcoming.scss, in `box-shadow'
         from line 28 of /Applications/MAMP/htdocs/dbEditor/app/assets/stylesheets/controls/base/dropdown.scss
         from line 5 of /Applications/MAMP/htdocs/dbEditor/app/assets/stylesheets/controls/base/base.sass
         from line 3 of /Applications/MAMP/htdocs/dbEditor/app/assets/stylesheets/controls/contols.css.scss
         from line 11 of /Applications/MAMP/htdocs/dbEditor/app/assets/stylesheets/application.css.scss

WARNING: box-shadow is deprecated and will be removed in the next major version release
         on line 7 of /Users/macbook/.rvm/gems/ruby-1.9.3-p392/gems/bourbon-3.1.5/app/assets/stylesheets/_bourbon-deprecated-upcoming.scss, in `box-shadow'
         from line 36 of /Applications/MAMP/htdocs/dbEditor/app/assets/stylesheets/controls/base/button.scss
         from line 6 of /Applications/MAMP/htdocs/dbEditor/app/assets/stylesheets/controls/base/base.sass
         from line 3 of /Applications/MAMP/htdocs/dbEditor/app/assets/stylesheets/controls/contols.css.scss
         from line 11 of /Applications/MAMP/htdocs/dbEditor/app/assets/stylesheets/application.css.scss

WARNING: box-shadow is deprecated and will be removed in the next major version release
         on line 7 of /Users/macbook/.rvm/gems/ruby-1.9.3-p392/gems/bourbon-3.1.5/app/assets/stylesheets/_bourbon-deprecated-upcoming.scss, in `box-shadow'
         from line 42 of /Applications/MAMP/htdocs/dbEditor/app/assets/stylesheets/controls/base/button.scss
         from line 6 of /Applications/MAMP/htdocs/dbEditor/app/assets/stylesheets/controls/base/base.sass
         from line 3 of /Applications/MAMP/htdocs/dbEditor/app/assets/stylesheets/controls/contols.css.scss
         from line 11 of /Applications/MAMP/htdocs/dbEditor/app/assets/stylesheets/application.css.scss

WARNING: box-shadow is deprecated and will be removed in the next major version release
         on line 7 of /Users/macbook/.rvm/gems/ruby-1.9.3-p392/gems/bourbon-3.1.5/app/assets/stylesheets/_bourbon-deprecated-upcoming.scss, in `box-shadow'
         from line 105 of /Applications/MAMP/htdocs/dbEditor/app/assets/stylesheets/controls/base/button.scss
         from line 6 of /Applications/MAMP/htdocs/dbEditor/app/assets/stylesheets/controls/base/base.sass
         from line 3 of /Applications/MAMP/htdocs/dbEditor/app/assets/stylesheets/controls/contols.css.scss
         from line 11 of /Applications/MAMP/htdocs/dbEditor/app/assets/stylesheets/application.css.scss

WARNING: box-shadow is deprecated and will be removed in the next major version release
         on line 7 of /Users/macbook/.rvm/gems/ruby-1.9.3-p392/gems/bourbon-3.1.5/app/assets/stylesheets/_bourbon-deprecated-upcoming.scss, in `box-shadow'
         from line 42 of /Applications/MAMP/htdocs/dbEditor/app/assets/stylesheets/controls/file_upload.sass
         from line 12 of /Applications/MAMP/htdocs/dbEditor/app/assets/stylesheets/controls/contols.css.scss
         from line 11 of /Applications/MAMP/htdocs/dbEditor/app/assets/stylesheets/application.css.scss

Completed 500 Internal Server Error in 1269ms

ActionView::Template::Error (File to import not found or unreadable: font-awesome.
Load paths:
  /Applications/MAMP/htdocs/dbEditor/app/assets/javascripts
  /Applications/MAMP/htdocs/dbEditor/app/assets/stylesheets
  /Applications/MAMP/htdocs/dbEditor/vendor/assets/javascripts
  /Applications/MAMP/htdocs/dbEditor/vendor/assets/stylesheets
  /Users/macbook/.rvm/gems/ruby-1.9.3-p392/gems/font-awesome-rails-3.0.2.0/vendor/assets/fonts
  /Users/macbook/.rvm/gems/ruby-1.9.3-p392/gems/font-awesome-rails-3.0.2.0/vendor/assets/stylesheets
  /Users/macbook/.rvm/gems/ruby-1.9.3-p392/gems/fancybox2-rails-0.2.4/vendor/assets/images
  /Users/macbook/.rvm/gems/ruby-1.9.3-p392/gems/fancybox2-rails-0.2.4/vendor/assets/javascripts
  /Users/macbook/.rvm/gems/ruby-1.9.3-p392/gems/fancybox2-rails-0.2.4/vendor/assets/stylesheets
  /Users/macbook/.rvm/gems/ruby-1.9.3-p392@global/gems/neat-1.2.1/app/assets/stylesheets
  /Users/macbook/.rvm/gems/ruby-1.9.3-p392/gems/bourbon-3.1.5/app/assets/stylesheets
  /Users/macbook/.rvm/gems/ruby-1.9.3-p392/gems/turbolinks-1.1.1/lib/assets/javascripts
  /Users/macbook/.rvm/gems/ruby-1.9.3-p392/gems/jquery-rails-2.2.1/vendor/assets/javascripts
  /Users/macbook/.rvm/gems/ruby-1.9.3-p392/gems/coffee-rails-4.0.0/lib/assets/javascripts
  (in /Applications/MAMP/htdocs/dbEditor/app/assets/stylesheets/application.css.scss:18)):
    2: %html
    3:   %head
    4:     %title Htdocs
    5:     = stylesheet_link_tag    "application", media: "all", "data-turbolinks-track" => true
    6:     = javascript_include_tag "application", "data-turbolinks-track" => true
    7:     = csrf_meta_tags
    8:   %body
  app/assets/stylesheets/application.css.scss:18
  app/views/layouts/application.html.haml:5:in `_app_views_layouts_application_html_haml___65322959528531859_70251421331300'


  Rendered /Users/macbook/.rvm/gems/ruby-1.9.3-p392/gems/actionpack-4.0.0.rc1/lib/action_dispatch/middleware/templates/rescues/_trace.erb (1.4ms)
  Rendered /Users/macbook/.rvm/gems/ruby-1.9.3-p392/gems/actionpack-4.0.0.rc1/lib/action_dispatch/middleware/templates/rescues/_request_and_response.erb (28.3ms)
  Rendered /Users/macbook/.rvm/gems/ruby-1.9.3-p392/gems/actionpack-4.0.0.rc1/lib/action_dispatch/middleware/templates/rescues/template_error.erb within rescues/layout (39.4ms)


Started GET "/" for 127.0.0.1 at 2013-05-09 13:41:06 +0300
Processing by HomeController#index as HTML
  Rendered home/index.html.haml within layouts/application (0.1ms)
Completed 500 Internal Server Error in 5ms

ActionView::Template::Error (Invalid @import: expected end of line, was ";".
  (in /Applications/MAMP/htdocs/dbEditor/app/assets/stylesheets/application.css.sass:1)):
    2: %html
    3:   %head
    4:     %title Htdocs
    5:     = stylesheet_link_tag    "application", media: "all", "data-turbolinks-track" => true
    6:     = javascript_include_tag "application", "data-turbolinks-track" => true
    7:     = csrf_meta_tags
    8:   %body
  app/assets/stylesheets/application.css.sass:1
  app/views/layouts/application.html.haml:5:in `_app_views_layouts_application_html_haml___65322959528531859_70251421331300'


  Rendered /Users/macbook/.rvm/gems/ruby-1.9.3-p392/gems/actionpack-4.0.0.rc1/lib/action_dispatch/middleware/templates/rescues/_trace.erb (1.2ms)
  Rendered /Users/macbook/.rvm/gems/ruby-1.9.3-p392/gems/actionpack-4.0.0.rc1/lib/action_dispatch/middleware/templates/rescues/_request_and_response.erb (1.0ms)
  Rendered /Users/macbook/.rvm/gems/ruby-1.9.3-p392/gems/actionpack-4.0.0.rc1/lib/action_dispatch/middleware/templates/rescues/template_error.erb within rescues/layout (11.5ms)


Started GET "/" for 127.0.0.1 at 2013-05-09 13:41:08 +0300
Processing by HomeController#index as HTML
  Rendered home/index.html.haml within layouts/application (0.1ms)
Completed 500 Internal Server Error in 6ms

ActionView::Template::Error (Invalid @import: expected end of line, was ";".
  (in /Applications/MAMP/htdocs/dbEditor/app/assets/stylesheets/application.css.sass:1)):
    2: %html
    3:   %head
    4:     %title Htdocs
    5:     = stylesheet_link_tag    "application", media: "all", "data-turbolinks-track" => true
    6:     = javascript_include_tag "application", "data-turbolinks-track" => true
    7:     = csrf_meta_tags
    8:   %body
  app/assets/stylesheets/application.css.sass:1
  app/views/layouts/application.html.haml:5:in `_app_views_layouts_application_html_haml___65322959528531859_70251421331300'


  Rendered /Users/macbook/.rvm/gems/ruby-1.9.3-p392/gems/actionpack-4.0.0.rc1/lib/action_dispatch/middleware/templates/rescues/_trace.erb (1.2ms)
  Rendered /Users/macbook/.rvm/gems/ruby-1.9.3-p392/gems/actionpack-4.0.0.rc1/lib/action_dispatch/middleware/templates/rescues/_request_and_response.erb (1.0ms)
  Rendered /Users/macbook/.rvm/gems/ruby-1.9.3-p392/gems/actionpack-4.0.0.rc1/lib/action_dispatch/middleware/templates/rescues/template_error.erb within rescues/layout (11.4ms)


Started GET "/" for 127.0.0.1 at 2013-05-09 13:41:37 +0300
Processing by HomeController#index as HTML
  Rendered home/index.html.haml within layouts/application (0.1ms)
WARNING: box-shadow is deprecated and will be removed in the next major version release
         on line 7 of /Users/macbook/.rvm/gems/ruby-1.9.3-p392/gems/bourbon-3.1.5/app/assets/stylesheets/_bourbon-deprecated-upcoming.scss, in `box-shadow'
         from line 28 of /Applications/MAMP/htdocs/dbEditor/app/assets/stylesheets/controls/base/dropdown.scss
         from line 5 of /Applications/MAMP/htdocs/dbEditor/app/assets/stylesheets/controls/base/base.sass
         from line 3 of /Applications/MAMP/htdocs/dbEditor/app/assets/stylesheets/controls/contols.css.scss
         from line 11 of /Applications/MAMP/htdocs/dbEditor/app/assets/stylesheets/application.css.sass

WARNING: box-shadow is deprecated and will be removed in the next major version release
         on line 7 of /Users/macbook/.rvm/gems/ruby-1.9.3-p392/gems/bourbon-3.1.5/app/assets/stylesheets/_bourbon-deprecated-upcoming.scss, in `box-shadow'
         from line 36 of /Applications/MAMP/htdocs/dbEditor/app/assets/stylesheets/controls/base/button.scss
         from line 6 of /Applications/MAMP/htdocs/dbEditor/app/assets/stylesheets/controls/base/base.sass
         from line 3 of /Applications/MAMP/htdocs/dbEditor/app/assets/stylesheets/controls/contols.css.scss
         from line 11 of /Applications/MAMP/htdocs/dbEditor/app/assets/stylesheets/application.css.sass

WARNING: box-shadow is deprecated and will be removed in the next major version release
         on line 7 of /Users/macbook/.rvm/gems/ruby-1.9.3-p392/gems/bourbon-3.1.5/app/assets/stylesheets/_bourbon-deprecated-upcoming.scss, in `box-shadow'
         from line 42 of /Applications/MAMP/htdocs/dbEditor/app/assets/stylesheets/controls/base/button.scss
         from line 6 of /Applications/MAMP/htdocs/dbEditor/app/assets/stylesheets/controls/base/base.sass
         from line 3 of /Applications/MAMP/htdocs/dbEditor/app/assets/stylesheets/controls/contols.css.scss
         from line 11 of /Applications/MAMP/htdocs/dbEditor/app/assets/stylesheets/application.css.sass

WARNING: box-shadow is deprecated and will be removed in the next major version release
         on line 7 of /Users/macbook/.rvm/gems/ruby-1.9.3-p392/gems/bourbon-3.1.5/app/assets/stylesheets/_bourbon-deprecated-upcoming.scss, in `box-shadow'
         from line 105 of /Applications/MAMP/htdocs/dbEditor/app/assets/stylesheets/controls/base/button.scss
         from line 6 of /Applications/MAMP/htdocs/dbEditor/app/assets/stylesheets/controls/base/base.sass
         from line 3 of /Applications/MAMP/htdocs/dbEditor/app/assets/stylesheets/controls/contols.css.scss
         from line 11 of /Applications/MAMP/htdocs/dbEditor/app/assets/stylesheets/application.css.sass

WARNING: box-shadow is deprecated and will be removed in the next major version release
         on line 7 of /Users/macbook/.rvm/gems/ruby-1.9.3-p392/gems/bourbon-3.1.5/app/assets/stylesheets/_bourbon-deprecated-upcoming.scss, in `box-shadow'
         from line 42 of /Applications/MAMP/htdocs/dbEditor/app/assets/stylesheets/controls/file_upload.sass
         from line 12 of /Applications/MAMP/htdocs/dbEditor/app/assets/stylesheets/controls/contols.css.scss
         from line 11 of /Applications/MAMP/htdocs/dbEditor/app/assets/stylesheets/application.css.sass

Completed 500 Internal Server Error in 330ms

ActionView::Template::Error (File to import not found or unreadable: font-awesome.
Load paths:
  /Applications/MAMP/htdocs/dbEditor/app/assets/javascripts
  /Applications/MAMP/htdocs/dbEditor/app/assets/stylesheets
  /Applications/MAMP/htdocs/dbEditor/vendor/assets/javascripts
  /Applications/MAMP/htdocs/dbEditor/vendor/assets/stylesheets
  /Users/macbook/.rvm/gems/ruby-1.9.3-p392/gems/font-awesome-rails-3.0.2.0/vendor/assets/fonts
  /Users/macbook/.rvm/gems/ruby-1.9.3-p392/gems/font-awesome-rails-3.0.2.0/vendor/assets/stylesheets
  /Users/macbook/.rvm/gems/ruby-1.9.3-p392/gems/fancybox2-rails-0.2.4/vendor/assets/images
  /Users/macbook/.rvm/gems/ruby-1.9.3-p392/gems/fancybox2-rails-0.2.4/vendor/assets/javascripts
  /Users/macbook/.rvm/gems/ruby-1.9.3-p392/gems/fancybox2-rails-0.2.4/vendor/assets/stylesheets
  /Users/macbook/.rvm/gems/ruby-1.9.3-p392@global/gems/neat-1.2.1/app/assets/stylesheets
  /Users/macbook/.rvm/gems/ruby-1.9.3-p392/gems/bourbon-3.1.5/app/assets/stylesheets
  /Users/macbook/.rvm/gems/ruby-1.9.3-p392/gems/turbolinks-1.1.1/lib/assets/javascripts
  /Users/macbook/.rvm/gems/ruby-1.9.3-p392/gems/jquery-rails-2.2.1/vendor/assets/javascripts
  /Users/macbook/.rvm/gems/ruby-1.9.3-p392/gems/coffee-rails-4.0.0/lib/assets/javascripts
  (in /Applications/MAMP/htdocs/dbEditor/app/assets/stylesheets/application.css.sass:18)):
    2: %html
    3:   %head
    4:     %title Htdocs
    5:     = stylesheet_link_tag    "application", media: "all", "data-turbolinks-track" => true
    6:     = javascript_include_tag "application", "data-turbolinks-track" => true
    7:     = csrf_meta_tags
    8:   %body
  app/assets/stylesheets/application.css.sass:18
  app/views/layouts/application.html.haml:5:in `_app_views_layouts_application_html_haml___65322959528531859_70251421331300'


  Rendered /Users/macbook/.rvm/gems/ruby-1.9.3-p392/gems/actionpack-4.0.0.rc1/lib/action_dispatch/middleware/templates/rescues/_trace.erb (1.3ms)
  Rendered /Users/macbook/.rvm/gems/ruby-1.9.3-p392/gems/actionpack-4.0.0.rc1/lib/action_dispatch/middleware/templates/rescues/_request_and_response.erb (1.1ms)
  Rendered /Users/macbook/.rvm/gems/ruby-1.9.3-p392/gems/actionpack-4.0.0.rc1/lib/action_dispatch/middleware/templates/rescues/template_error.erb within rescues/layout (12.0ms)


Started GET "/" for 127.0.0.1 at 2013-05-09 13:43:09 +0300
Processing by HomeController#index as HTML
  Rendered home/index.html.haml within layouts/application (0.2ms)
WARNING: box-shadow is deprecated and will be removed in the next major version release
         on line 7 of /Users/macbook/.rvm/gems/ruby-1.9.3-p392/gems/bourbon-3.1.5/app/assets/stylesheets/_bourbon-deprecated-upcoming.scss, in `box-shadow'
         from line 28 of /Applications/MAMP/htdocs/dbEditor/app/assets/stylesheets/controls/base/dropdown.scss
         from line 5 of /Applications/MAMP/htdocs/dbEditor/app/assets/stylesheets/controls/base/base.sass
         from line 3 of /Applications/MAMP/htdocs/dbEditor/app/assets/stylesheets/controls/contols.css.scss
         from line 11 of /Applications/MAMP/htdocs/dbEditor/app/assets/stylesheets/application.css.sass

WARNING: box-shadow is deprecated and will be removed in the next major version release
         on line 7 of /Users/macbook/.rvm/gems/ruby-1.9.3-p392/gems/bourbon-3.1.5/app/assets/stylesheets/_bourbon-deprecated-upcoming.scss, in `box-shadow'
         from line 36 of /Applications/MAMP/htdocs/dbEditor/app/assets/stylesheets/controls/base/button.scss
         from line 6 of /Applications/MAMP/htdocs/dbEditor/app/assets/stylesheets/controls/base/base.sass
         from line 3 of /Applications/MAMP/htdocs/dbEditor/app/assets/stylesheets/controls/contols.css.scss
         from line 11 of /Applications/MAMP/htdocs/dbEditor/app/assets/stylesheets/application.css.sass

WARNING: box-shadow is deprecated and will be removed in the next major version release
         on line 7 of /Users/macbook/.rvm/gems/ruby-1.9.3-p392/gems/bourbon-3.1.5/app/assets/stylesheets/_bourbon-deprecated-upcoming.scss, in `box-shadow'
         from line 42 of /Applications/MAMP/htdocs/dbEditor/app/assets/stylesheets/controls/base/button.scss
         from line 6 of /Applications/MAMP/htdocs/dbEditor/app/assets/stylesheets/controls/base/base.sass
         from line 3 of /Applications/MAMP/htdocs/dbEditor/app/assets/stylesheets/controls/contols.css.scss
         from line 11 of /Applications/MAMP/htdocs/dbEditor/app/assets/stylesheets/application.css.sass

WARNING: box-shadow is deprecated and will be removed in the next major version release
         on line 7 of /Users/macbook/.rvm/gems/ruby-1.9.3-p392/gems/bourbon-3.1.5/app/assets/stylesheets/_bourbon-deprecated-upcoming.scss, in `box-shadow'
         from line 105 of /Applications/MAMP/htdocs/dbEditor/app/assets/stylesheets/controls/base/button.scss
         from line 6 of /Applications/MAMP/htdocs/dbEditor/app/assets/stylesheets/controls/base/base.sass
         from line 3 of /Applications/MAMP/htdocs/dbEditor/app/assets/stylesheets/controls/contols.css.scss
         from line 11 of /Applications/MAMP/htdocs/dbEditor/app/assets/stylesheets/application.css.sass

WARNING: box-shadow is deprecated and will be removed in the next major version release
         on line 7 of /Users/macbook/.rvm/gems/ruby-1.9.3-p392/gems/bourbon-3.1.5/app/assets/stylesheets/_bourbon-deprecated-upcoming.scss, in `box-shadow'
         from line 42 of /Applications/MAMP/htdocs/dbEditor/app/assets/stylesheets/controls/file_upload.sass
         from line 12 of /Applications/MAMP/htdocs/dbEditor/app/assets/stylesheets/controls/contols.css.scss
         from line 11 of /Applications/MAMP/htdocs/dbEditor/app/assets/stylesheets/application.css.sass

Completed 500 Internal Server Error in 382ms

ActionView::Template::Error (File to import not found or unreadable: font-awesome.
Load paths:
  /Applications/MAMP/htdocs/dbEditor/app/assets/javascripts
  /Applications/MAMP/htdocs/dbEditor/app/assets/stylesheets
  /Applications/MAMP/htdocs/dbEditor/vendor/assets/javascripts
  /Applications/MAMP/htdocs/dbEditor/vendor/assets/stylesheets
  /Users/macbook/.rvm/gems/ruby-1.9.3-p392/gems/font-awesome-rails-3.0.2.0/vendor/assets/fonts
  /Users/macbook/.rvm/gems/ruby-1.9.3-p392/gems/font-awesome-rails-3.0.2.0/vendor/assets/stylesheets
  /Users/macbook/.rvm/gems/ruby-1.9.3-p392/gems/fancybox2-rails-0.2.4/vendor/assets/images
  /Users/macbook/.rvm/gems/ruby-1.9.3-p392/gems/fancybox2-rails-0.2.4/vendor/assets/javascripts
  /Users/macbook/.rvm/gems/ruby-1.9.3-p392/gems/fancybox2-rails-0.2.4/vendor/assets/stylesheets
  /Users/macbook/.rvm/gems/ruby-1.9.3-p392@global/gems/neat-1.2.1/app/assets/stylesheets
  /Users/macbook/.rvm/gems/ruby-1.9.3-p392/gems/bourbon-3.1.5/app/assets/stylesheets
  /Users/macbook/.rvm/gems/ruby-1.9.3-p392/gems/turbolinks-1.1.1/lib/assets/javascripts
  /Users/macbook/.rvm/gems/ruby-1.9.3-p392/gems/jquery-rails-2.2.1/vendor/assets/javascripts
  /Users/macbook/.rvm/gems/ruby-1.9.3-p392/gems/coffee-rails-4.0.0/lib/assets/javascripts
  (in /Applications/MAMP/htdocs/dbEditor/app/assets/stylesheets/application.css.sass:18)):
    2: %html
    3:   %head
    4:     %title Htdocs
    5:     = stylesheet_link_tag    "application", media: "all", "data-turbolinks-track" => true
    6:     = javascript_include_tag "application", "data-turbolinks-track" => true
    7:     = csrf_meta_tags
    8:   %body
  app/assets/stylesheets/application.css.sass:18
  app/views/layouts/application.html.haml:5:in `_app_views_layouts_application_html_haml___65322959528531859_70251421331300'


  Rendered /Users/macbook/.rvm/gems/ruby-1.9.3-p392/gems/actionpack-4.0.0.rc1/lib/action_dispatch/middleware/templates/rescues/_trace.erb (1.2ms)
  Rendered /Users/macbook/.rvm/gems/ruby-1.9.3-p392/gems/actionpack-4.0.0.rc1/lib/action_dispatch/middleware/templates/rescues/_request_and_response.erb (1.1ms)
  Rendered /Users/macbook/.rvm/gems/ruby-1.9.3-p392/gems/actionpack-4.0.0.rc1/lib/action_dispatch/middleware/templates/rescues/template_error.erb within rescues/layout (12.1ms)


Started GET "/" for 127.0.0.1 at 2013-05-09 13:43:11 +0300
Processing by HomeController#index as HTML
  Rendered home/index.html.haml within layouts/application (0.1ms)
WARNING: box-shadow is deprecated and will be removed in the next major version release
         on line 7 of /Users/macbook/.rvm/gems/ruby-1.9.3-p392/gems/bourbon-3.1.5/app/assets/stylesheets/_bourbon-deprecated-upcoming.scss, in `box-shadow'
         from line 28 of /Applications/MAMP/htdocs/dbEditor/app/assets/stylesheets/controls/base/dropdown.scss
         from line 5 of /Applications/MAMP/htdocs/dbEditor/app/assets/stylesheets/controls/base/base.sass
         from line 3 of /Applications/MAMP/htdocs/dbEditor/app/assets/stylesheets/controls/contols.css.scss
         from line 11 of /Applications/MAMP/htdocs/dbEditor/app/assets/stylesheets/application.css.sass

WARNING: box-shadow is deprecated and will be removed in the next major version release
         on line 7 of /Users/macbook/.rvm/gems/ruby-1.9.3-p392/gems/bourbon-3.1.5/app/assets/stylesheets/_bourbon-deprecated-upcoming.scss, in `box-shadow'
         from line 36 of /Applications/MAMP/htdocs/dbEditor/app/assets/stylesheets/controls/base/button.scss
         from line 6 of /Applications/MAMP/htdocs/dbEditor/app/assets/stylesheets/controls/base/base.sass
         from line 3 of /Applications/MAMP/htdocs/dbEditor/app/assets/stylesheets/controls/contols.css.scss
         from line 11 of /Applications/MAMP/htdocs/dbEditor/app/assets/stylesheets/application.css.sass

WARNING: box-shadow is deprecated and will be removed in the next major version release
         on line 7 of /Users/macbook/.rvm/gems/ruby-1.9.3-p392/gems/bourbon-3.1.5/app/assets/stylesheets/_bourbon-deprecated-upcoming.scss, in `box-shadow'
         from line 42 of /Applications/MAMP/htdocs/dbEditor/app/assets/stylesheets/controls/base/button.scss
         from line 6 of /Applications/MAMP/htdocs/dbEditor/app/assets/stylesheets/controls/base/base.sass
         from line 3 of /Applications/MAMP/htdocs/dbEditor/app/assets/stylesheets/controls/contols.css.scss
         from line 11 of /Applications/MAMP/htdocs/dbEditor/app/assets/stylesheets/application.css.sass

WARNING: box-shadow is deprecated and will be removed in the next major version release
         on line 7 of /Users/macbook/.rvm/gems/ruby-1.9.3-p392/gems/bourbon-3.1.5/app/assets/stylesheets/_bourbon-deprecated-upcoming.scss, in `box-shadow'
         from line 105 of /Applications/MAMP/htdocs/dbEditor/app/assets/stylesheets/controls/base/button.scss
         from line 6 of /Applications/MAMP/htdocs/dbEditor/app/assets/stylesheets/controls/base/base.sass
         from line 3 of /Applications/MAMP/htdocs/dbEditor/app/assets/stylesheets/controls/contols.css.scss
         from line 11 of /Applications/MAMP/htdocs/dbEditor/app/assets/stylesheets/application.css.sass

WARNING: box-shadow is deprecated and will be removed in the next major version release
         on line 7 of /Users/macbook/.rvm/gems/ruby-1.9.3-p392/gems/bourbon-3.1.5/app/assets/stylesheets/_bourbon-deprecated-upcoming.scss, in `box-shadow'
         from line 42 of /Applications/MAMP/htdocs/dbEditor/app/assets/stylesheets/controls/file_upload.sass
         from line 12 of /Applications/MAMP/htdocs/dbEditor/app/assets/stylesheets/controls/contols.css.scss
         from line 11 of /Applications/MAMP/htdocs/dbEditor/app/assets/stylesheets/application.css.sass

Completed 500 Internal Server Error in 354ms

ActionView::Template::Error (File to import not found or unreadable: font-awesome.
Load paths:
  /Applications/MAMP/htdocs/dbEditor/app/assets/javascripts
  /Applications/MAMP/htdocs/dbEditor/app/assets/stylesheets
  /Applications/MAMP/htdocs/dbEditor/vendor/assets/javascripts
  /Applications/MAMP/htdocs/dbEditor/vendor/assets/stylesheets
  /Users/macbook/.rvm/gems/ruby-1.9.3-p392/gems/font-awesome-rails-3.0.2.0/vendor/assets/fonts
  /Users/macbook/.rvm/gems/ruby-1.9.3-p392/gems/font-awesome-rails-3.0.2.0/vendor/assets/stylesheets
  /Users/macbook/.rvm/gems/ruby-1.9.3-p392/gems/fancybox2-rails-0.2.4/vendor/assets/images
  /Users/macbook/.rvm/gems/ruby-1.9.3-p392/gems/fancybox2-rails-0.2.4/vendor/assets/javascripts
  /Users/macbook/.rvm/gems/ruby-1.9.3-p392/gems/fancybox2-rails-0.2.4/vendor/assets/stylesheets
  /Users/macbook/.rvm/gems/ruby-1.9.3-p392@global/gems/neat-1.2.1/app/assets/stylesheets
  /Users/macbook/.rvm/gems/ruby-1.9.3-p392/gems/bourbon-3.1.5/app/assets/stylesheets
  /Users/macbook/.rvm/gems/ruby-1.9.3-p392/gems/turbolinks-1.1.1/lib/assets/javascripts
  /Users/macbook/.rvm/gems/ruby-1.9.3-p392/gems/jquery-rails-2.2.1/vendor/assets/javascripts
  /Users/macbook/.rvm/gems/ruby-1.9.3-p392/gems/coffee-rails-4.0.0/lib/assets/javascripts
  (in /Applications/MAMP/htdocs/dbEditor/app/assets/stylesheets/application.css.sass:18)):
    2: %html
    3:   %head
    4:     %title Htdocs
    5:     = stylesheet_link_tag    "application", media: "all", "data-turbolinks-track" => true
    6:     = javascript_include_tag "application", "data-turbolinks-track" => true
    7:     = csrf_meta_tags
    8:   %body
  app/assets/stylesheets/application.css.sass:18
  app/views/layouts/application.html.haml:5:in `_app_views_layouts_application_html_haml___65322959528531859_70251421331300'


  Rendered /Users/macbook/.rvm/gems/ruby-1.9.3-p392/gems/actionpack-4.0.0.rc1/lib/action_dispatch/middleware/templates/rescues/_trace.erb (1.2ms)
  Rendered /Users/macbook/.rvm/gems/ruby-1.9.3-p392/gems/actionpack-4.0.0.rc1/lib/action_dispatch/middleware/templates/rescues/_request_and_response.erb (1.1ms)
  Rendered /Users/macbook/.rvm/gems/ruby-1.9.3-p392/gems/actionpack-4.0.0.rc1/lib/action_dispatch/middleware/templates/rescues/template_error.erb within rescues/layout (12.0ms)


Started GET "/" for 127.0.0.1 at 2013-05-09 13:43:37 +0300
Processing by HomeController#index as HTML
  Rendered home/index.html.haml within layouts/application (3.1ms)
WARNING: box-shadow is deprecated and will be removed in the next major version release
         on line 7 of /Users/macbook/.rvm/gems/ruby-1.9.3-p392/gems/bourbon-3.1.6/app/assets/stylesheets/_bourbon-deprecated-upcoming.scss, in `box-shadow'
         from line 28 of /Applications/MAMP/htdocs/dbEditor/app/assets/stylesheets/controls/base/dropdown.scss
         from line 5 of /Applications/MAMP/htdocs/dbEditor/app/assets/stylesheets/controls/base/base.sass
         from line 3 of /Applications/MAMP/htdocs/dbEditor/app/assets/stylesheets/controls/contols.css.scss
         from line 11 of /Applications/MAMP/htdocs/dbEditor/app/assets/stylesheets/application.css.sass

WARNING: box-shadow is deprecated and will be removed in the next major version release
         on line 7 of /Users/macbook/.rvm/gems/ruby-1.9.3-p392/gems/bourbon-3.1.6/app/assets/stylesheets/_bourbon-deprecated-upcoming.scss, in `box-shadow'
         from line 36 of /Applications/MAMP/htdocs/dbEditor/app/assets/stylesheets/controls/base/button.scss
         from line 6 of /Applications/MAMP/htdocs/dbEditor/app/assets/stylesheets/controls/base/base.sass
         from line 3 of /Applications/MAMP/htdocs/dbEditor/app/assets/stylesheets/controls/contols.css.scss
         from line 11 of /Applications/MAMP/htdocs/dbEditor/app/assets/stylesheets/application.css.sass

WARNING: box-shadow is deprecated and will be removed in the next major version release
         on line 7 of /Users/macbook/.rvm/gems/ruby-1.9.3-p392/gems/bourbon-3.1.6/app/assets/stylesheets/_bourbon-deprecated-upcoming.scss, in `box-shadow'
         from line 42 of /Applications/MAMP/htdocs/dbEditor/app/assets/stylesheets/controls/base/button.scss
         from line 6 of /Applications/MAMP/htdocs/dbEditor/app/assets/stylesheets/controls/base/base.sass
         from line 3 of /Applications/MAMP/htdocs/dbEditor/app/assets/stylesheets/controls/contols.css.scss
         from line 11 of /Applications/MAMP/htdocs/dbEditor/app/assets/stylesheets/application.css.sass

WARNING: box-shadow is deprecated and will be removed in the next major version release
         on line 7 of /Users/macbook/.rvm/gems/ruby-1.9.3-p392/gems/bourbon-3.1.6/app/assets/stylesheets/_bourbon-deprecated-upcoming.scss, in `box-shadow'
         from line 105 of /Applications/MAMP/htdocs/dbEditor/app/assets/stylesheets/controls/base/button.scss
         from line 6 of /Applications/MAMP/htdocs/dbEditor/app/assets/stylesheets/controls/base/base.sass
         from line 3 of /Applications/MAMP/htdocs/dbEditor/app/assets/stylesheets/controls/contols.css.scss
         from line 11 of /Applications/MAMP/htdocs/dbEditor/app/assets/stylesheets/application.css.sass

WARNING: box-shadow is deprecated and will be removed in the next major version release
         on line 7 of /Users/macbook/.rvm/gems/ruby-1.9.3-p392/gems/bourbon-3.1.6/app/assets/stylesheets/_bourbon-deprecated-upcoming.scss, in `box-shadow'
         from line 42 of /Applications/MAMP/htdocs/dbEditor/app/assets/stylesheets/controls/file_upload.sass
         from line 12 of /Applications/MAMP/htdocs/dbEditor/app/assets/stylesheets/controls/contols.css.scss
         from line 11 of /Applications/MAMP/htdocs/dbEditor/app/assets/stylesheets/application.css.sass

Completed 200 OK in 1555ms (Views: 1554.7ms | ActiveRecord: 0.0ms)


Started GET "/assets/application.css?body=1" for 127.0.0.1 at 2013-05-09 13:43:39 +0300


Started GET "/assets/jquery_ujs.js?body=1" for 127.0.0.1 at 2013-05-09 13:43:39 +0300


Started GET "/assets/jquery.js?body=1" for 127.0.0.1 at 2013-05-09 13:43:39 +0300


Started GET "/assets/turbolinks.js?body=1" for 127.0.0.1 at 2013-05-09 13:43:39 +0300


Started GET "/assets/application.js?body=1" for 127.0.0.1 at 2013-05-09 13:43:39 +0300
